Performing C++ SOURCE FILE Test CPP20_FLAG_BUILTIN failed with the following output:
Change Dir: /project/archive-index/smehringer/raptor/util/CMakeFiles/CMakeTmp

Run Build Command(s):/usr/bin/make cmTC_9f78d/fast && /usr/bin/make -f CMakeFiles/cmTC_9f78d.dir/build.make CMakeFiles/cmTC_9f78d.dir/build
make[1]: Entering directory '/project/archive-index/smehringer/raptor/util/CMakeFiles/CMakeTmp'
Building CXX object CMakeFiles/cmTC_9f78d.dir/src.cxx.o
/usr/local/package/bin/g++11   -I/project/archive-index/smehringer/raptor/lib/seqan3/include -I/project/archive-index/smehringer/raptor/util/../lib/submodules/sdsl-lite/include -I/project/archive-index/smehringer/raptor/util/../lib/submodules/range-v3/include -I/project/archive-index/smehringer/raptor/util/../lib/submodules/lemon/include -I/project/archive-index/smehringer/raptor/util/../lib/submodules/cereal/include  -DCPP20_FLAG_BUILTIN   -o CMakeFiles/cmTC_9f78d.dir/src.cxx.o -c /project/archive-index/smehringer/raptor/util/CMakeFiles/CMakeTmp/src.cxx
/project/archive-index/smehringer/raptor/util/CMakeFiles/CMakeTmp/src.cxx:2:6: error: #error NOCXX20
    2 |     #error NOCXX20
      |      ^~~~~
make[1]: *** [CMakeFiles/cmTC_9f78d.dir/build.make:66: CMakeFiles/cmTC_9f78d.dir/src.cxx.o] Error 1
make[1]: Leaving directory '/project/archive-index/smehringer/raptor/util/CMakeFiles/CMakeTmp'
make: *** [Makefile:121: cmTC_9f78d/fast] Error 2


Source file was:
#if !defined (__cplusplus) || (__cplusplus < 201709)
    #error NOCXX20
    #endif
    int main() {}
Performing C++ SOURCE FILE Test CONCEPTS_FLAG_BUILTIN failed with the following output:
Change Dir: /project/archive-index/smehringer/raptor/util/CMakeFiles/CMakeTmp

Run Build Command(s):/usr/bin/make cmTC_56503/fast && /usr/bin/make -f CMakeFiles/cmTC_56503.dir/build.make CMakeFiles/cmTC_56503.dir/build
make[1]: Entering directory '/project/archive-index/smehringer/raptor/util/CMakeFiles/CMakeTmp'
Building CXX object CMakeFiles/cmTC_56503.dir/src.cxx.o
/usr/local/package/bin/g++11   -I/project/archive-index/smehringer/raptor/lib/seqan3/include -I/project/archive-index/smehringer/raptor/util/../lib/submodules/sdsl-lite/include -I/project/archive-index/smehringer/raptor/util/../lib/submodules/range-v3/include -I/project/archive-index/smehringer/raptor/util/../lib/submodules/lemon/include -I/project/archive-index/smehringer/raptor/util/../lib/submodules/cereal/include  -DCONCEPTS_FLAG_BUILTIN   -o CMakeFiles/cmTC_56503.dir/src.cxx.o -c /project/archive-index/smehringer/raptor/util/CMakeFiles/CMakeTmp/src.cxx
/project/archive-index/smehringer/raptor/util/CMakeFiles/CMakeTmp/src.cxx:1:16: error: ‘__cpp_concepts’ was not declared in this scope
    1 | static_assert (__cpp_concepts >= 201507);
      |                ^~~~~~~~~~~~~~
make[1]: *** [CMakeFiles/cmTC_56503.dir/build.make:66: CMakeFiles/cmTC_56503.dir/src.cxx.o] Error 1
make[1]: Leaving directory '/project/archive-index/smehringer/raptor/util/CMakeFiles/CMakeTmp'
make: *** [Makefile:121: cmTC_56503/fast] Error 2


Source file was:
static_assert (__cpp_concepts >= 201507);
    int main() {}
Performing C SOURCE FILE Test CMAKE_HAVE_LIBC_PTHREAD failed with the following output:
Change Dir: /project/archive-index/smehringer/raptor/util/CMakeFiles/CMakeTmp

Run Build Command(s):/usr/bin/make cmTC_fd29a/fast && /usr/bin/make -f CMakeFiles/cmTC_fd29a.dir/build.make CMakeFiles/cmTC_fd29a.dir/build
make[1]: Entering directory '/project/archive-index/smehringer/raptor/util/CMakeFiles/CMakeTmp'
Building C object CMakeFiles/cmTC_fd29a.dir/src.c.o
/usr/local/package/bin/gcc11  -I/project/archive-index/smehringer/raptor/lib/seqan3/include -I/project/archive-index/smehringer/raptor/util/../lib/submodules/sdsl-lite/include -I/project/archive-index/smehringer/raptor/util/../lib/submodules/range-v3/include -I/project/archive-index/smehringer/raptor/util/../lib/submodules/lemon/include -I/project/archive-index/smehringer/raptor/util/../lib/submodules/cereal/include  -DCMAKE_HAVE_LIBC_PTHREAD   -o CMakeFiles/cmTC_fd29a.dir/src.c.o   -c /project/archive-index/smehringer/raptor/util/CMakeFiles/CMakeTmp/src.c
Linking C executable cmTC_fd29a
/usr/bin/cmake -E cmake_link_script CMakeFiles/cmTC_fd29a.dir/link.txt --verbose=1
/usr/local/package/bin/gcc11  -DCMAKE_HAVE_LIBC_PTHREAD    CMakeFiles/cmTC_fd29a.dir/src.c.o  -o cmTC_fd29a 
/usr/bin/ld: CMakeFiles/cmTC_fd29a.dir/src.c.o: in function `main':
src.c:(.text+0x2d): undefined reference to `pthread_create'
/usr/bin/ld: src.c:(.text+0x39): undefined reference to `pthread_detach'
/usr/bin/ld: src.c:(.text+0x4a): undefined reference to `pthread_join'
collect2: error: ld returned 1 exit status
make[1]: *** [CMakeFiles/cmTC_fd29a.dir/build.make:87: cmTC_fd29a] Error 1
make[1]: Leaving directory '/project/archive-index/smehringer/raptor/util/CMakeFiles/CMakeTmp'
make: *** [Makefile:121: cmTC_fd29a/fast] Error 2


Source file was:
#include <pthread.h>

void* test_func(void* data)
{
  return data;
}

int main(void)
{
  pthread_t thread;
  pthread_create(&thread, NULL, test_func, NULL);
  pthread_detach(thread);
  pthread_join(thread, NULL);
  pthread_atfork(NULL, NULL, NULL);
  pthread_exit(NULL);

  return 0;
}

